core/build/test-results/test/TEST-integration.kafka.api.TransactionsWithMaxInFlightOneTest.xml
core/build/test-results/test/TEST-kafka.admin.DeleteConsumerGroupsTest.xml
core/build/test-results/test/TEST-kafka.admin.DeleteOffsetsConsumerGroupCommandIntegrationTest.xml
core/build/test-results/test/TEST-kafka.admin.DescribeConsumerGroupTest.xml
core/build/test-results/test/TEST-kafka.admin.ListConsumerGroupTest.xml
core/build/test-results/test/TEST-kafka.admin.ReassignPartitionsIntegrationTest.xml
core/build/test-results/test/TEST-kafka.admin.ResetConsumerGroupOffsetTest.xml
core/build/test-results/test/TEST-kafka.api.AuthorizerIntegrationTest.xml
core/build/test-results/test/TEST-kafka.api.ClientIdQuotaTest.xml
core/build/test-results/test/TEST-kafka.api.ConsumerBounceTest.xml
core/build/test-results/test/TEST-kafka.api.ConsumerTopicCreationTest.xml
core/build/test-results/test/TEST-kafka.api.CustomQuotaCallbackTest.xml
core/build/test-results/test/TEST-kafka.api.DelegationTokenEndToEndAuthorizationTest.xml
core/build/test-results/test/TEST-kafka.api.GroupCoordinatorIntegrationTest.xml
core/build/test-results/test/TEST-kafka.api.GroupEndToEndAuthorizationTest.xml
core/build/test-results/test/TEST-kafka.api.LogAppendTimeTest.xml
core/build/test-results/test/TEST-kafka.api.PlaintextAdminIntegrationTest.xml
core/build/test-results/test/TEST-kafka.api.PlaintextConsumerTest.xml
core/build/test-results/test/TEST-kafka.api.PlaintextEndToEndAuthorizationTest.xml
core/build/test-results/test/TEST-kafka.api.PlaintextProducerSendTest.xml
core/build/test-results/test/TEST-kafka.api.SaslClientsWithInvalidCredentialsTest.xml
core/build/test-results/test/TEST-kafka.api.SaslGssapiSslEndToEndAuthorizationTest.xml
core/build/test-results/test/TEST-kafka.api.SaslMultiMechanismConsumerTest.xml
core/build/test-results/test/TEST-kafka.api.SaslOAuthBearerSslEndToEndAuthorizationTest.xml
core/build/test-results/test/TEST-kafka.api.SaslPlainPlaintextConsumerTest.xml
core/build/test-results/test/TEST-kafka.api.SaslPlainSslEndToEndAuthorizationTest.xml
core/build/test-results/test/TEST-kafka.api.SaslPlaintextConsumerTest.xml
core/build/test-results/test/TEST-kafka.api.SaslScramSslEndToEndAuthorizationTest.xml
core/build/test-results/test/TEST-kafka.api.SaslSslConsumerTest.xml
core/build/test-results/test/TEST-kafka.api.SslConsumerTest.xml
core/build/test-results/test/TEST-kafka.api.SslEndToEndAuthorizationTest.xml
core/build/test-results/test/TEST-kafka.api.SslProducerSendTest.xml
core/build/test-results/test/TEST-kafka.api.test.ProducerCompressionTest.xml
core/build/test-results/test/TEST-kafka.api.TransactionsBounceTest.xml
core/build/test-results/test/TEST-kafka.api.TransactionsExpirationTest.xml
core/build/test-results/test/TEST-kafka.api.TransactionsTest.xml
core/build/test-results/test/TEST-kafka.api.UserClientIdQuotaTest.xml
core/build/test-results/test/TEST-kafka.api.UserQuotaTest.xml
core/build/test-results/test/TEST-kafka.coordinator.group.GroupCoordinatorConcurrencyTest.xml
core/build/test-results/test/TEST-kafka.coordinator.group.GroupCoordinatorTest.xml
core/build/test-results/test/TEST-kafka.coordinator.group.GroupMetadataManagerTest.xml
core/build/test-results/test/TEST-kafka.coordinator.group.GroupMetadataTest.xml
core/build/test-results/test/TEST-kafka.coordinator.transaction.TransactionCoordinatorConcurrencyTest.xml
core/build/test-results/test/TEST-kafka.coordinator.transaction.TransactionLogTest.xml
core/build/test-results/test/TEST-kafka.coordinator.transaction.TransactionStateManagerTest.xml
core/build/test-results/test/TEST-kafka.metrics.MetricsTest.xml
core/build/test-results/test/TEST-kafka.server.DynamicBrokerReconfigurationTest.xml
core/build/test-results/test/TEST-kafka.server.LogDirFailureTest.xml
core/build/test-results/test/TEST-kafka.server.MultipleListenersWithAdditionalJaasContextTest.xml
core/build/test-results/test/TEST-kafka.server.MultipleListenersWithDefaultJaasContextTest.xml
core/build/test-results/test/TEST-kafka.server.ServerShutdownTest.xml
core/build/test-results/test/TEST-kafka.tools.MirrorMakerIntegrationTest.xml
